[2015-10-14 13:17:05] request.ERROR: Uncaught PHP Exception Symfony\Component\HttpKernel\Exception\NotFoundHttpException: "No route found for "GET /hr/js/script.js" (from "http://symfony.hr/app_dev.php/")" at /var/www/html/symfony/hr/vendor/symfony/symfony/src/Symfony/Component/HttpKernel/EventListener/RouterListener.php line 159 {"exception":"[object] (Symfony\\Component\\HttpKernel\\Exception\\NotFoundHttpException(code: 0): No route found for \"GET /hr/js/script.js\" (from \"http://symfony.hr/app_dev.php/\") at /var/www/html/symfony/hr/vendor/symfony/symfony/src/Symfony/Component/HttpKernel/EventListener/RouterListener.php:159, Symfony\\Component\\Routing\\Exception\\ResourceNotFoundException(code: 0):  at /var/www/html/symfony/hr/app/cache/prod/appProdUrlMatcher.php:206)"} []
[2015-10-15 10:03:20] request.INFO: Matched route "homepage". {"route_parameters":{"_controller":"AppBundle\\Controller\\DefaultController::indexAction","_route":"homepage"},"request_uri":"http://symfony.hr/"} []
[2015-10-15 10:03:20] security.INFO: Populated the TokenStorage with an anonymous Token. [] []
[2015-10-15 10:03:20] request.CRITICAL: Uncaught PHP Exception InvalidArgumentException: "Unable to find template "@templatedir/home.html.twig"." at /var/www/html/symfony/hr/vendor/symfony/symfony/src/Symfony/Bridge/Twig/TwigEngine.php line 128 {"exception":"[object] (InvalidArgumentException(code: 0): Unable to find template \"@templatedir/home.html.twig\". at /var/www/html/symfony/hr/vendor/symfony/symfony/src/Symfony/Bridge/Twig/TwigEngine.php:128, Twig_Error_Loader(code: 0): Unable to find template \"@templatedir/home.html.twig\". at /var/www/html/symfony/hr/vendor/symfony/symfony/src/Symfony/Bundle/TwigBundle/Loader/FilesystemLoader.php:91, InvalidArgumentException(code: 0): Unable to find template \"@templatedir/home.html.twig\" : \"Bundle \"templatedir\" does not exist or it is not enabled. Maybe you forgot to add it in the registerBundles() method of your AppKernel.php file?\". at /var/www/html/symfony/hr/vendor/symfony/symfony/src/Symfony/Bundle/FrameworkBundle/Templating/Loader/TemplateLocator.php:81, InvalidArgumentException(code: 0): Bundle \"templatedir\" does not exist or it is not enabled. Maybe you forgot to add it in the registerBundles() method of your AppKernel.php file? at /var/www/html/symfony/hr/app/bootstrap.php.cache:2467)"} []
[2015-10-16 09:48:28] request.INFO: Matched route "homepage". {"route_parameters":{"_controller":"AppBundle\\Controller\\DefaultController::indexAction","_route":"homepage"},"request_uri":"http://symfony.hr/"} []
[2015-10-16 09:48:28] security.DEBUG: Read existing security token from the session. {"key":"_security_main"} []
[2015-10-16 09:48:28] security.DEBUG: User was reloaded from a user provider. {"username":"slavisa","provider":"FOS\\UserBundle\\Security\\UserProvider"} []
[2015-10-16 09:48:28] request.CRITICAL: Uncaught PHP Exception BadMethodCallException: "Undefined method 'findAllOrderedByTitle'. The method name must start with either findBy or findOneBy!" at /var/www/html/symfony/hr/vendor/doctrine/orm/lib/Doctrine/ORM/EntityRepository.php line 226 {"exception":"[object] (BadMethodCallException(code: 0): Undefined method 'findAllOrderedByTitle'. The method name must start with either findBy or findOneBy! at /var/www/html/symfony/hr/vendor/doctrine/orm/lib/Doctrine/ORM/EntityRepository.php:226)"} []
[2015-10-16 09:48:28] security.DEBUG: Stored the security token in the session. {"key":"_security_main"} []
[2015-10-16 11:05:13] request.INFO: Matched route "insert_job". {"route_parameters":{"_controller":"AppBundle\\Controller\\JSONController::insertJobAction","_route":"insert_job"},"request_uri":"http://symfony.hr/insert_job"} []
[2015-10-16 11:05:13] security.DEBUG: Read existing security token from the session. {"key":"_security_main"} []
[2015-10-16 11:05:13] security.DEBUG: User was reloaded from a user provider. {"username":"slavisa","provider":"FOS\\UserBundle\\Security\\UserProvider"} []
[2015-10-16 11:05:13] php.CRITICAL: Fatal Error: Call to undefined method Doctrine\ORM\PersistentCollection::addJob() {"type":1,"file":"/var/www/html/symfony/hr/src/AppBundle/Controller/JSONController.php","line":31,"level":6143,"stack":[]} []
[2015-10-16 11:05:13] request.CRITICAL: Uncaught PHP Exception Symfony\Component\Debug\Exception\UndefinedMethodException: "Attempted to call an undefined method named "addJob" of class "Doctrine\ORM\PersistentCollection"." at /var/www/html/symfony/hr/src/AppBundle/Controller/JSONController.php line 31 {"exception":"[object] (Symfony\\Component\\Debug\\Exception\\UndefinedMethodException(code: 0): Attempted to call an undefined method named \"addJob\" of class \"Doctrine\\ORM\\PersistentCollection\". at /var/www/html/symfony/hr/src/AppBundle/Controller/JSONController.php:31)"} []
[2015-10-16 11:05:13] security.DEBUG: Stored the security token in the session. {"key":"_security_main"} []
[2015-10-16 11:05:19] request.INFO: Matched route "insert_job". {"route_parameters":{"_controller":"AppBundle\\Controller\\JSONController::insertJobAction","_route":"insert_job"},"request_uri":"http://symfony.hr/insert_job"} []
[2015-10-16 11:05:19] security.DEBUG: Read existing security token from the session. {"key":"_security_main"} []
[2015-10-16 11:05:19] security.DEBUG: User was reloaded from a user provider. {"username":"slavisa","provider":"FOS\\UserBundle\\Security\\UserProvider"} []
[2015-10-16 11:05:19] php.CRITICAL: Fatal Error: Call to undefined method Doctrine\ORM\PersistentCollection::addJob() {"type":1,"file":"/var/www/html/symfony/hr/src/AppBundle/Controller/JSONController.php","line":31,"level":6143,"stack":[]} []
[2015-10-16 11:05:19] request.CRITICAL: Uncaught PHP Exception Symfony\Component\Debug\Exception\UndefinedMethodException: "Attempted to call an undefined method named "addJob" of class "Doctrine\ORM\PersistentCollection"." at /var/www/html/symfony/hr/src/AppBundle/Controller/JSONController.php line 31 {"exception":"[object] (Symfony\\Component\\Debug\\Exception\\UndefinedMethodException(code: 0): Attempted to call an undefined method named \"addJob\" of class \"Doctrine\\ORM\\PersistentCollection\". at /var/www/html/symfony/hr/src/AppBundle/Controller/JSONController.php:31)"} []
[2015-10-16 11:05:19] security.DEBUG: Stored the security token in the session. {"key":"_security_main"} []
[2015-10-16 11:06:25] request.INFO: Matched route "insert_job". {"route_parameters":{"_controller":"AppBundle\\Controller\\JSONController::insertJobAction","_route":"insert_job"},"request_uri":"http://symfony.hr/insert_job"} []
[2015-10-16 11:06:25] security.DEBUG: Read existing security token from the session. {"key":"_security_main"} []
[2015-10-16 11:06:25] security.DEBUG: User was reloaded from a user provider. {"username":"slavisa","provider":"FOS\\UserBundle\\Security\\UserProvider"} []
[2015-10-16 11:06:25] php.CRITICAL: Fatal Error: Call to undefined method Doctrine\ORM\PersistentCollection::addJob() {"type":1,"file":"/var/www/html/symfony/hr/src/AppBundle/Controller/JSONController.php","line":31,"level":6143,"stack":[]} []
[2015-10-16 11:06:25] request.CRITICAL: Uncaught PHP Exception Symfony\Component\Debug\Exception\UndefinedMethodException: "Attempted to call an undefined method named "addJob" of class "Doctrine\ORM\PersistentCollection"." at /var/www/html/symfony/hr/src/AppBundle/Controller/JSONController.php line 31 {"exception":"[object] (Symfony\\Component\\Debug\\Exception\\UndefinedMethodException(code: 0): Attempted to call an undefined method named \"addJob\" of class \"Doctrine\\ORM\\PersistentCollection\". at /var/www/html/symfony/hr/src/AppBundle/Controller/JSONController.php:31)"} []
[2015-10-16 11:06:25] security.DEBUG: Stored the security token in the session. {"key":"_security_main"} []
[2015-10-16 11:07:15] request.INFO: Matched route "insert_job". {"route_parameters":{"_controller":"AppBundle\\Controller\\JSONController::insertJobAction","_route":"insert_job"},"request_uri":"http://symfony.hr/insert_job"} []
[2015-10-16 11:07:16] security.DEBUG: Read existing security token from the session. {"key":"_security_main"} []
[2015-10-16 11:07:16] security.DEBUG: User was reloaded from a user provider. {"username":"slavisa","provider":"FOS\\UserBundle\\Security\\UserProvider"} []
[2015-10-16 11:07:16] php.CRITICAL: Fatal Error: Call to undefined method Doctrine\ORM\PersistentCollection::addJob() {"type":1,"file":"/var/www/html/symfony/hr/src/AppBundle/Controller/JSONController.php","line":31,"level":6143,"stack":[]} []
[2015-10-16 11:07:16] request.CRITICAL: Uncaught PHP Exception Symfony\Component\Debug\Exception\UndefinedMethodException: "Attempted to call an undefined method named "addJob" of class "Doctrine\ORM\PersistentCollection"." at /var/www/html/symfony/hr/src/AppBundle/Controller/JSONController.php line 31 {"exception":"[object] (Symfony\\Component\\Debug\\Exception\\UndefinedMethodException(code: 0): Attempted to call an undefined method named \"addJob\" of class \"Doctrine\\ORM\\PersistentCollection\". at /var/www/html/symfony/hr/src/AppBundle/Controller/JSONController.php:31)"} []
[2015-10-16 11:07:16] security.DEBUG: Stored the security token in the session. {"key":"_security_main"} []
[2015-10-16 22:33:34] request.INFO: Matched route "insert_job". {"route_parameters":{"_controller":"AppBundle\\Controller\\JSONController::insertJobAction","_route":"insert_job"},"request_uri":"http://symfony.hr/insert_job"} []
[2015-10-16 22:33:34] security.DEBUG: Read existing security token from the session. {"key":"_security_main"} []
[2015-10-16 22:33:34] security.DEBUG: User was reloaded from a user provider. {"username":"slavisa","provider":"FOS\\UserBundle\\Security\\UserProvider"} []
[2015-10-16 22:33:34] request.CRITICAL: Uncaught PHP Exception Symfony\Component\Debug\Exception\ContextErrorException: "Catchable Fatal Error: Object of class Doctrine\ORM\PersistentCollection could not be converted to string" at /var/www/html/symfony/hr/src/AppBundle/Controller/JSONController.php line 34 {"exception":"[object] (Symfony\\Component\\Debug\\Exception\\ContextErrorException(code: 0): Catchable Fatal Error: Object of class Doctrine\\ORM\\PersistentCollection could not be converted to string at /var/www/html/symfony/hr/src/AppBundle/Controller/JSONController.php:34)"} []
[2015-10-16 22:33:34] security.DEBUG: Stored the security token in the session. {"key":"_security_main"} []
[2015-10-16 22:33:54] request.INFO: Matched route "insert_job". {"route_parameters":{"_controller":"AppBundle\\Controller\\JSONController::insertJobAction","_route":"insert_job"},"request_uri":"http://symfony.hr/insert_job"} []
[2015-10-16 22:33:54] security.DEBUG: Read existing security token from the session. {"key":"_security_main"} []
[2015-10-16 22:33:54] security.DEBUG: User was reloaded from a user provider. {"username":"slavisa","provider":"FOS\\UserBundle\\Security\\UserProvider"} []
[2015-10-16 22:33:54] request.CRITICAL: Uncaught PHP Exception Symfony\Component\Debug\Exception\ContextErrorException: "Catchable Fatal Error: Object of class Doctrine\ORM\PersistentCollection could not be converted to string" at /var/www/html/symfony/hr/src/AppBundle/Controller/JSONController.php line 34 {"exception":"[object] (Symfony\\Component\\Debug\\Exception\\ContextErrorException(code: 0): Catchable Fatal Error: Object of class Doctrine\\ORM\\PersistentCollection could not be converted to string at /var/www/html/symfony/hr/src/AppBundle/Controller/JSONController.php:34)"} []
[2015-10-16 22:33:54] security.DEBUG: Stored the security token in the session. {"key":"_security_main"} []
[2015-10-16 23:02:47] request.INFO: Matched route "list_jobs_json". {"route_parameters":{"_controller":"AppBundle\\Controller\\JSONController::listJobAction","_route":"list_jobs_json"},"request_uri":"http://symfony.hr/list_jobs"} []
[2015-10-16 23:02:47] security.DEBUG: Read existing security token from the session. {"key":"_security_main"} []
[2015-10-16 23:02:47] security.DEBUG: User was reloaded from a user provider. {"username":"slavisa","provider":"FOS\\UserBundle\\Security\\UserProvider"} []
[2015-10-16 23:02:47] php.CRITICAL: Fatal Error: Call to a member function setValue() on a non-object {"type":1,"file":"/var/www/html/symfony/hr/vendor/doctrine/orm/lib/Doctrine/ORM/PersistentCollection.php","line":169,"level":6143,"stack":[]} []
[2015-10-16 23:02:47] request.CRITICAL: Uncaught PHP Exception Symfony\Component\Debug\Exception\FatalErrorException: "Error: Call to a member function setValue() on a non-object" at /var/www/html/symfony/hr/vendor/doctrine/orm/lib/Doctrine/ORM/PersistentCollection.php line 169 {"exception":"[object] (Symfony\\Component\\Debug\\Exception\\FatalErrorException(code: 0): Error: Call to a member function setValue() on a non-object at /var/www/html/symfony/hr/vendor/doctrine/orm/lib/Doctrine/ORM/PersistentCollection.php:169)"} []
[2015-10-16 23:02:47] security.DEBUG: Stored the security token in the session. {"key":"_security_main"} []
[2015-10-16 23:06:17] request.INFO: Matched route "insert_job". {"route_parameters":{"_controller":"AppBundle\\Controller\\JSONController::insertJobAction","_route":"insert_job"},"request_uri":"http://symfony.hr/insert_job"} []
[2015-10-16 23:06:17] security.DEBUG: Read existing security token from the session. {"key":"_security_main"} []
[2015-10-16 23:06:17] security.DEBUG: User was reloaded from a user provider. {"username":"slavisa","provider":"FOS\\UserBundle\\Security\\UserProvider"} []
[2015-10-16 23:06:17] request.CRITICAL: Uncaught PHP Exception Doctrine\ORM\ORMInvalidArgumentException: "A new entity was found through the relationship 'AppBundle\Entity\Author#jobs' that was not configured to cascade persist operations for entity: AppBundle\Entity\Job@000000001eca7f2d0000000065c39bf3. To solve this issue: Either explicitly call EntityManager#persist() on this unknown entity or configure cascade persist  this association in the mapping for example @ManyToOne(..,cascade={"persist"}). If you cannot find out which entity causes the problem implement 'AppBundle\Entity\Job#__toString()' to get a clue." at /var/www/html/symfony/hr/vendor/doctrine/orm/lib/Doctrine/ORM/ORMInvalidArgumentException.php line 92 {"exception":"[object] (Doctrine\\ORM\\ORMInvalidArgumentException(code: 0): A new entity was found through the relationship 'AppBundle\\Entity\\Author#jobs' that was not configured to cascade persist operations for entity: AppBundle\\Entity\\Job@000000001eca7f2d0000000065c39bf3. To solve this issue: Either explicitly call EntityManager#persist() on this unknown entity or configure cascade persist  this association in the mapping for example @ManyToOne(..,cascade={\"persist\"}). If you cannot find out which entity causes the problem implement 'AppBundle\\Entity\\Job#__toString()' to get a clue. at /var/www/html/symfony/hr/vendor/doctrine/orm/lib/Doctrine/ORM/ORMInvalidArgumentException.php:92)"} []
[2015-10-16 23:06:17] security.DEBUG: Stored the security token in the session. {"key":"_security_main"} []
[2015-10-16 23:06:38] request.INFO: Matched route "list_jobs_json". {"route_parameters":{"_controller":"AppBundle\\Controller\\JSONController::listJobAction","_route":"list_jobs_json"},"request_uri":"http://symfony.hr/list_jobs"} []
[2015-10-16 23:06:38] security.DEBUG: Read existing security token from the session. {"key":"_security_main"} []
[2015-10-16 23:06:38] security.DEBUG: User was reloaded from a user provider. {"username":"slavisa","provider":"FOS\\UserBundle\\Security\\UserProvider"} []
[2015-10-16 23:06:38] php.CRITICAL: Fatal Error: Call to a member function setValue() on a non-object {"type":1,"file":"/var/www/html/symfony/hr/vendor/doctrine/orm/lib/Doctrine/ORM/PersistentCollection.php","line":169,"level":6143,"stack":[]} []
[2015-10-16 23:06:38] request.CRITICAL: Uncaught PHP Exception Symfony\Component\Debug\Exception\FatalErrorException: "Error: Call to a member function setValue() on a non-object" at /var/www/html/symfony/hr/vendor/doctrine/orm/lib/Doctrine/ORM/PersistentCollection.php line 169 {"exception":"[object] (Symfony\\Component\\Debug\\Exception\\FatalErrorException(code: 0): Error: Call to a member function setValue() on a non-object at /var/www/html/symfony/hr/vendor/doctrine/orm/lib/Doctrine/ORM/PersistentCollection.php:169)"} []
[2015-10-16 23:06:38] security.DEBUG: Stored the security token in the session. {"key":"_security_main"} []
[2015-10-16 23:07:54] request.INFO: Matched route "insert_job". {"route_parameters":{"_controller":"AppBundle\\Controller\\JSONController::insertJobAction","_route":"insert_job"},"request_uri":"http://symfony.hr/insert_job"} []
[2015-10-16 23:07:54] security.DEBUG: Read existing security token from the session. {"key":"_security_main"} []
[2015-10-16 23:07:54] security.DEBUG: User was reloaded from a user provider. {"username":"slavisa","provider":"FOS\\UserBundle\\Security\\UserProvider"} []
[2015-10-16 23:07:54] request.CRITICAL: Uncaught PHP Exception Doctrine\ORM\ORMInvalidArgumentException: "A new entity was found through the relationship 'AppBundle\Entity\Author#jobs' that was not configured to cascade persist operations for entity: AppBundle\Entity\Job@00000000703449ed0000000053d5ef20. To solve this issue: Either explicitly call EntityManager#persist() on this unknown entity or configure cascade persist  this association in the mapping for example @ManyToOne(..,cascade={"persist"}). If you cannot find out which entity causes the problem implement 'AppBundle\Entity\Job#__toString()' to get a clue." at /var/www/html/symfony/hr/vendor/doctrine/orm/lib/Doctrine/ORM/ORMInvalidArgumentException.php line 92 {"exception":"[object] (Doctrine\\ORM\\ORMInvalidArgumentException(code: 0): A new entity was found through the relationship 'AppBundle\\Entity\\Author#jobs' that was not configured to cascade persist operations for entity: AppBundle\\Entity\\Job@00000000703449ed0000000053d5ef20. To solve this issue: Either explicitly call EntityManager#persist() on this unknown entity or configure cascade persist  this association in the mapping for example @ManyToOne(..,cascade={\"persist\"}). If you cannot find out which entity causes the problem implement 'AppBundle\\Entity\\Job#__toString()' to get a clue. at /var/www/html/symfony/hr/vendor/doctrine/orm/lib/Doctrine/ORM/ORMInvalidArgumentException.php:92)"} []
[2015-10-16 23:07:54] security.DEBUG: Stored the security token in the session. {"key":"_security_main"} []
[2015-10-16 23:10:36] request.INFO: Matched route "insert_job". {"route_parameters":{"_controller":"AppBundle\\Controller\\JSONController::insertJobAction","_route":"insert_job"},"request_uri":"http://symfony.hr/insert_job"} []
[2015-10-16 23:10:36] security.DEBUG: Read existing security token from the session. {"key":"_security_main"} []
[2015-10-16 23:10:36] security.DEBUG: User was reloaded from a user provider. {"username":"slavisa","provider":"FOS\\UserBundle\\Security\\UserProvider"} []
[2015-10-16 23:10:36] request.CRITICAL: Uncaught PHP Exception Doctrine\ORM\ORMInvalidArgumentException: "A new entity was found through the relationship 'AppBundle\Entity\Author#jobs' that was not configured to cascade persist operations for entity: AppBundle\Entity\Job@000000006efef02a000000000445c044. To solve this issue: Either explicitly call EntityManager#persist() on this unknown entity or configure cascade persist  this association in the mapping for example @ManyToOne(..,cascade={"persist"}). If you cannot find out which entity causes the problem implement 'AppBundle\Entity\Job#__toString()' to get a clue." at /var/www/html/symfony/hr/vendor/doctrine/orm/lib/Doctrine/ORM/ORMInvalidArgumentException.php line 92 {"exception":"[object] (Doctrine\\ORM\\ORMInvalidArgumentException(code: 0): A new entity was found through the relationship 'AppBundle\\Entity\\Author#jobs' that was not configured to cascade persist operations for entity: AppBundle\\Entity\\Job@000000006efef02a000000000445c044. To solve this issue: Either explicitly call EntityManager#persist() on this unknown entity or configure cascade persist  this association in the mapping for example @ManyToOne(..,cascade={\"persist\"}). If you cannot find out which entity causes the problem implement 'AppBundle\\Entity\\Job#__toString()' to get a clue. at /var/www/html/symfony/hr/vendor/doctrine/orm/lib/Doctrine/ORM/ORMInvalidArgumentException.php:92)"} []
[2015-10-16 23:10:36] security.DEBUG: Stored the security token in the session. {"key":"_security_main"} []
[2015-10-17 12:17:45] request.INFO: Matched route "homepage". {"route_parameters":{"_controller":"AppBundle\\Controller\\DefaultController::indexAction","_route":"homepage"},"request_uri":"http://symfony.hr/"} []
[2015-10-17 12:17:45] security.DEBUG: Read existing security token from the session. {"key":"_security_main"} []
[2015-10-17 12:17:45] security.DEBUG: User was reloaded from a user provider. {"username":"slavisa","provider":"FOS\\UserBundle\\Security\\UserProvider"} []
[2015-10-17 12:17:45] request.CRITICAL: Uncaught PHP Exception Twig_Error_Runtime: "An exception has been thrown during the rendering of a template ("Unable to generate a URL for the named route "fos_logout" as such route does not exist.") in "@templatedir/master.html.twig" at line 30." at /var/www/html/symfony/hr/app/cache/prod/classes.php line 5314 {"exception":"[object] (Twig_Error_Runtime(code: 0): An exception has been thrown during the rendering of a template (\"Unable to generate a URL for the named route \"fos_logout\" as such route does not exist.\") in \"@templatedir/master.html.twig\" at line 30. at /var/www/html/symfony/hr/app/cache/prod/classes.php:5314, Symfony\\Component\\Routing\\Exception\\RouteNotFoundException(code: 0): Unable to generate a URL for the named route \"fos_logout\" as such route does not exist. at /var/www/html/symfony/hr/app/cache/prod/appProdUrlGenerator.php:50)"} []
[2015-10-17 12:17:45] security.DEBUG: Stored the security token in the session. {"key":"_security_main"} []
[2015-10-17 12:18:32] request.INFO: Matched route "homepage". {"route_parameters":{"_controller":"AppBundle\\Controller\\DefaultController::indexAction","_route":"homepage"},"request_uri":"http://symfony.hr/"} []
[2015-10-17 12:18:32] security.DEBUG: Read existing security token from the session. {"key":"_security_main"} []
[2015-10-17 12:18:32] security.DEBUG: User was reloaded from a user provider. {"username":"nikola","provider":"FOS\\UserBundle\\Security\\UserProvider"} []
[2015-10-17 12:18:32] request.CRITICAL: Uncaught PHP Exception Twig_Error_Runtime: "An exception has been thrown during the rendering of a template ("Unable to generate a URL for the named route "fos_logout" as such route does not exist.") in "@templatedir/master.html.twig" at line 30." at /var/www/html/symfony/hr/app/cache/prod/classes.php line 5314 {"exception":"[object] (Twig_Error_Runtime(code: 0): An exception has been thrown during the rendering of a template (\"Unable to generate a URL for the named route \"fos_logout\" as such route does not exist.\") in \"@templatedir/master.html.twig\" at line 30. at /var/www/html/symfony/hr/app/cache/prod/classes.php:5314, Symfony\\Component\\Routing\\Exception\\RouteNotFoundException(code: 0): Unable to generate a URL for the named route \"fos_logout\" as such route does not exist. at /var/www/html/symfony/hr/app/cache/prod/appProdUrlGenerator.php:50)"} []
[2015-10-17 12:18:32] security.DEBUG: Stored the security token in the session. {"key":"_security_main"} []
[2015-10-17 12:39:52] request.INFO: Matched route "insert_job". {"route_parameters":{"_controller":"AppBundle\\Controller\\JSONController::insertJobAction","_route":"insert_job"},"request_uri":"http://symfony.hr/insert_job"} []
[2015-10-17 12:39:52] security.DEBUG: Read existing security token from the session. {"key":"_security_main"} []
[2015-10-17 12:39:52] security.DEBUG: User was reloaded from a user provider. {"username":"nikola","provider":"FOS\\UserBundle\\Security\\UserProvider"} []
[2015-10-17 12:39:52] request.CRITICAL: Uncaught PHP Exception Doctrine\ORM\NonUniqueResultException: "The query returned multiple rows. Change the query or use a different result function like getScalarResult()." at /var/www/html/symfony/hr/vendor/doctrine/orm/lib/Doctrine/ORM/Internal/Hydration/SingleScalarHydrator.php line 47 {"exception":"[object] (Doctrine\\ORM\\NonUniqueResultException(code: 0): The query returned multiple rows. Change the query or use a different result function like getScalarResult(). at /var/www/html/symfony/hr/vendor/doctrine/orm/lib/Doctrine/ORM/Internal/Hydration/SingleScalarHydrator.php:47)"} []
[2015-10-17 12:39:52] security.DEBUG: Stored the security token in the session. {"key":"_security_main"} []
[2015-10-17 12:40:43] request.INFO: Matched route "insert_job". {"route_parameters":{"_controller":"AppBundle\\Controller\\JSONController::insertJobAction","_route":"insert_job"},"request_uri":"http://symfony.hr/insert_job"} []
[2015-10-17 12:40:43] security.DEBUG: Read existing security token from the session. {"key":"_security_main"} []
[2015-10-17 12:40:43] security.DEBUG: User was reloaded from a user provider. {"username":"nikola","provider":"FOS\\UserBundle\\Security\\UserProvider"} []
[2015-10-17 12:40:43] request.CRITICAL: Uncaught PHP Exception Doctrine\ORM\NonUniqueResultException: "The query returned multiple rows. Change the query or use a different result function like getScalarResult()." at /var/www/html/symfony/hr/vendor/doctrine/orm/lib/Doctrine/ORM/Internal/Hydration/SingleScalarHydrator.php line 47 {"exception":"[object] (Doctrine\\ORM\\NonUniqueResultException(code: 0): The query returned multiple rows. Change the query or use a different result function like getScalarResult(). at /var/www/html/symfony/hr/vendor/doctrine/orm/lib/Doctrine/ORM/Internal/Hydration/SingleScalarHydrator.php:47)"} []
[2015-10-17 12:40:43] security.DEBUG: Stored the security token in the session. {"key":"_security_main"} []
[2015-10-17 12:41:32] request.INFO: Matched route "insert_job". {"route_parameters":{"_controller":"AppBundle\\Controller\\JSONController::insertJobAction","_route":"insert_job"},"request_uri":"http://symfony.hr/insert_job"} []
[2015-10-17 12:41:32] security.DEBUG: Read existing security token from the session. {"key":"_security_main"} []
[2015-10-17 12:41:32] security.DEBUG: User was reloaded from a user provider. {"username":"nikola","provider":"FOS\\UserBundle\\Security\\UserProvider"} []
[2015-10-17 12:41:32] request.CRITICAL: Uncaught PHP Exception Doctrine\ORM\NonUniqueResultException: "The query returned multiple rows. Change the query or use a different result function like getScalarResult()." at /var/www/html/symfony/hr/vendor/doctrine/orm/lib/Doctrine/ORM/Internal/Hydration/SingleScalarHydrator.php line 47 {"exception":"[object] (Doctrine\\ORM\\NonUniqueResultException(code: 0): The query returned multiple rows. Change the query or use a different result function like getScalarResult(). at /var/www/html/symfony/hr/vendor/doctrine/orm/lib/Doctrine/ORM/Internal/Hydration/SingleScalarHydrator.php:47)"} []
[2015-10-17 12:41:32] security.DEBUG: Stored the security token in the session. {"key":"_security_main"} []
[2015-10-17 12:43:32] request.INFO: Matched route "insert_job". {"route_parameters":{"_controller":"AppBundle\\Controller\\JSONController::insertJobAction","_route":"insert_job"},"request_uri":"http://symfony.hr/insert_job"} []
[2015-10-17 12:43:32] security.DEBUG: Read existing security token from the session. {"key":"_security_main"} []
[2015-10-17 12:43:32] security.DEBUG: User was reloaded from a user provider. {"username":"nikola","provider":"FOS\\UserBundle\\Security\\UserProvider"} []
[2015-10-17 12:43:32] request.CRITICAL: Uncaught PHP Exception Doctrine\ORM\NonUniqueResultException: "The query returned multiple rows. Change the query or use a different result function like getScalarResult()." at /var/www/html/symfony/hr/vendor/doctrine/orm/lib/Doctrine/ORM/Internal/Hydration/SingleScalarHydrator.php line 47 {"exception":"[object] (Doctrine\\ORM\\NonUniqueResultException(code: 0): The query returned multiple rows. Change the query or use a different result function like getScalarResult(). at /var/www/html/symfony/hr/vendor/doctrine/orm/lib/Doctrine/ORM/Internal/Hydration/SingleScalarHydrator.php:47)"} []
[2015-10-17 12:43:32] security.DEBUG: Stored the security token in the session. {"key":"_security_main"} []
[2015-10-17 12:43:36] request.INFO: Matched route "insert_job". {"route_parameters":{"_controller":"AppBundle\\Controller\\JSONController::insertJobAction","_route":"insert_job"},"request_uri":"http://symfony.hr/insert_job"} []
[2015-10-17 12:43:36] security.DEBUG: Read existing security token from the session. {"key":"_security_main"} []
[2015-10-17 12:43:36] security.DEBUG: User was reloaded from a user provider. {"username":"nikola","provider":"FOS\\UserBundle\\Security\\UserProvider"} []
[2015-10-17 12:43:36] request.CRITICAL: Uncaught PHP Exception Doctrine\ORM\NonUniqueResultException: "The query returned multiple rows. Change the query or use a different result function like getScalarResult()." at /var/www/html/symfony/hr/vendor/doctrine/orm/lib/Doctrine/ORM/Internal/Hydration/SingleScalarHydrator.php line 47 {"exception":"[object] (Doctrine\\ORM\\NonUniqueResultException(code: 0): The query returned multiple rows. Change the query or use a different result function like getScalarResult(). at /var/www/html/symfony/hr/vendor/doctrine/orm/lib/Doctrine/ORM/Internal/Hydration/SingleScalarHydrator.php:47)"} []
[2015-10-17 12:43:36] security.DEBUG: Stored the security token in the session. {"key":"_security_main"} []
[2015-10-17 12:44:55] request.INFO: Matched route "insert_job". {"route_parameters":{"_controller":"AppBundle\\Controller\\JSONController::insertJobAction","_route":"insert_job"},"request_uri":"http://symfony.hr/insert_job"} []
[2015-10-17 12:44:55] security.DEBUG: Read existing security token from the session. {"key":"_security_main"} []
[2015-10-17 12:44:55] security.DEBUG: User was reloaded from a user provider. {"username":"nikola","provider":"FOS\\UserBundle\\Security\\UserProvider"} []
[2015-10-17 12:44:55] request.CRITICAL: Uncaught PHP Exception Doctrine\ORM\Query\QueryException: "[Semantical Error] line 0, col 15 near 'job_id) FROM': Error: Class AppBundle\Entity\Job has no field or association named job_id" at /var/www/html/symfony/hr/vendor/doctrine/orm/lib/Doctrine/ORM/Query/QueryException.php line 63 {"exception":"[object] (Doctrine\\ORM\\Query\\QueryException(code: 0): [Semantical Error] line 0, col 15 near 'job_id) FROM': Error: Class AppBundle\\Entity\\Job has no field or association named job_id at /var/www/html/symfony/hr/vendor/doctrine/orm/lib/Doctrine/ORM/Query/QueryException.php:63, Doctrine\\ORM\\Query\\QueryException(code: 0): SELECT count(j.job_id) FROM AppBundle\\Entity\\Job j WHERE j.user = :user_id at /var/www/html/symfony/hr/vendor/doctrine/orm/lib/Doctrine/ORM/Query/QueryException.php:41)"} []
[2015-10-17 12:44:55] security.DEBUG: Stored the security token in the session. {"key":"_security_main"} []
